Using pre-set license
Built from '2020.3/staging' branch; Version is '2020.3.26f1 (7298b473bc1a) revision 7510196'; Using compiler version '192528614'; Build Type 'Release'
OS: 'Windows 10  (10.0.19043) 64bit CoreSingleLanguage' Language: 'ru' Physical Memory: 8010 MB
BatchMode: 1, IsHumanControllingUs: 0, StartBugReporterOnCrash: 0, Is64bit: 1, IsPro: 0

COMMAND LINE ARGUMENTS:
C:\Program Files\Unity\Hub\Editor\2020.3.26f1\Editor\Unity.exe
-adb2
-batchMode
-noUpm
-name
AssetImportWorker0
-projectPath
E:/Courses/Turned
-logFile
Logs/AssetImportWorker0.log
-srvPort
50937
Successfully changed project path to: E:/Courses/Turned
E:/Courses/Turned
Using Asset Import Pipeline V2.
Refreshing native plugins compatible for Editor in 58.56 ms, found 2 plugins.
Preloading 0 native plugins for Editor in 0.00 ms.
Initialize engine version: 2020.3.26f1 (7298b473bc1a)
[Subsystems] Discovering subsystems at path C:/Program Files/Unity/Hub/Editor/2020.3.26f1/Editor/Data/Resources/UnitySubsystems
[Subsystems] Discovering subsystems at path E:/Courses/Turned/Assets
GfxDevice: creating device client; threaded=0
Direct3D:
    Version:  Direct3D 11.0 [level 11.0]
    Renderer: Intel(R) HD Graphics 4000 (ID=0x166)
    Vendor:   
    VRAM:     128 MB
    Driver:   10.18.10.5161
Initialize mono
Mono path[0] = 'C:/Program Files/Unity/Hub/Editor/2020.3.26f1/Editor/Data/Managed'
Mono path[1] = 'C:/Program Files/Unity/Hub/Editor/2020.3.26f1/Editor/Data/MonoBleedingEdge/lib/mono/unityjit'
Mono config path = 'C:/Program Files/Unity/Hub/Editor/2020.3.26f1/Editor/Data/MonoBleedingEdge/etc'
Using monoOptions --debugger-agent=transport=dt_socket,embedding=1,server=y,suspend=n,address=127.0.0.1:56784
Begin MonoManager ReloadAssembly
Registering precompiled unity dll's ...
Register platform support module: C:/Program Files/Unity/Hub/Editor/2020.3.26f1/Editor/Data/PlaybackEngines/WindowsStandaloneSupport/UnityEditor.WindowsStandalone.Extensions.dll
Registered in 0.004611 seconds.
Native extension for WindowsStandalone target not found
Refreshing native plugins compatible for Editor in 56.12 ms, found 2 plugins.
Preloading 0 native plugins for Editor in 0.00 ms.
Mono: successfully reloaded assembly
- Completed reload, in  1.272 seconds
Domain Reload Profiling:
	ReloadAssembly (1273ms)
		BeginReloadAssembly (102ms)
			ExecutionOrderSort (0ms)
			DisableScriptedObjects (0ms)
			BackupInstance (0ms)
			ReleaseScriptingObjects (0ms)
			CreateAndSetChildDomain (1ms)
		EndReloadAssembly (940ms)
			LoadAssemblies (98ms)
			RebuildTransferFunctionScriptingTraits (0ms)
			SetupTypeCache (382ms)
			ReleaseScriptCaches (0ms)
			RebuildScriptCaches (62ms)
			SetupLoadedEditorAssemblies (314ms)
				LogAssemblyErrors (0ms)
				InitializePlatformSupportModulesInManaged (7ms)
				SetLoadedEditorAssemblies (0ms)
				RefreshPlugins (56ms)
				BeforeProcessingInitializeOnLoad (28ms)
				ProcessInitializeOnLoadAttributes (163ms)
				ProcessInitializeOnLoadMethodAttributes (58ms)
				AfterProcessingInitializeOnLoad (0ms)
				EditorAssembliesLoaded (0ms)
			ExecutionOrderSort2 (0ms)
			AwakeInstancesAfterBackupRestoration (0ms)
Platform modules already initialized, skipping
Registering precompiled user dll's ...
Registered in 0.004358 seconds.
Begin MonoManager ReloadAssembly
Native extension for WindowsStandalone target not found
Refreshing native plugins compatible for Editor in 0.76 ms, found 2 plugins.
Preloading 0 native plugins for Editor in 0.00 ms.
Mono: successfully reloaded assembly
- Completed reload, in  1.703 seconds
Domain Reload Profiling:
	ReloadAssembly (1704ms)
		BeginReloadAssembly (236ms)
			ExecutionOrderSort (0ms)
			DisableScriptedObjects (8ms)
			BackupInstance (0ms)
			ReleaseScriptingObjects (0ms)
			CreateAndSetChildDomain (29ms)
		EndReloadAssembly (1370ms)
			LoadAssemblies (139ms)
			RebuildTransferFunctionScriptingTraits (0ms)
			SetupTypeCache (447ms)
			ReleaseScriptCaches (1ms)
			RebuildScriptCaches (88ms)
			SetupLoadedEditorAssemblies (545ms)
				LogAssemblyErrors (0ms)
				InitializePlatformSupportModulesInManaged (8ms)
				SetLoadedEditorAssemblies (1ms)
				RefreshPlugins (1ms)
				BeforeProcessingInitializeOnLoad (145ms)
				ProcessInitializeOnLoadAttributes (363ms)
				ProcessInitializeOnLoadMethodAttributes (15ms)
				AfterProcessingInitializeOnLoad (10ms)
				EditorAssembliesLoaded (1ms)
			ExecutionOrderSort2 (0ms)
			AwakeInstancesAfterBackupRestoration (11ms)
Platform modules already initialized, skipping
========================================================================
Worker process is ready to serve import requests
Launched and connected shader compiler UnityShaderCompiler.exe after 0.14 seconds
Refreshing native plugins compatible for Editor in 1.08 ms, found 2 plugins.
Preloading 0 native plugins for Editor in 0.00 ms.
Unloading 1522 Unused Serialized files (Serialized files now loaded: 0)
System memory in use before: 68.0 MB.
System memory in use after: 68.1 MB.

Unloading 19 unused Assets to reduce memory usage. Loaded Objects now: 1954.
Total: 5.826200 ms (FindLiveObjects: 0.240500 ms CreateObjectMapping: 0.094800 ms MarkObjects: 5.368800 ms  DeleteObjects: 0.119800 ms)

AssetImportParameters requested are different than current active one (requested -> active):
  custom:framework-win-MediaFoundation: 216162199b28c13a410421893ffa2e32 -> 
  custom:video-decoder-ogg-theora: a1e56fd34408186e4bbccfd4996cb3dc -> 
  custom:container-muxer-webm: aa71ff27fc2769a1b78a27578f13a17b -> 
  custom:container-demuxer-webm: 4f35f7cbe854078d1ac9338744f61a02 -> 
  custom:container-demuxer-ogg: 62fdf1f143b41e24485cea50d1cbac27 -> 
  custom:video-encoder-webm-vp8: eb34c28f22e8b96e1ab97ce403110664 -> 
  custom:video-decoder-webm-vp8: 9c59270c3fd7afecdb556c50c9e8de78 -> 
  custom:audio-decoder-ogg-vorbis: bf7c407c2cedff20999df2af8eb42d56 -> 
  custom:audio-encoder-webm-vorbis: bf7c407c2cedff20999df2af8eb42d56 -> 
========================================================================
Received Import Request.
  path: Assets/Scripts
  artifactKey: Guid(d567e77b8945ea5478a8ee3ff916683e) Importer(815301076,1909f56bfc062723c751e8b465ee728b)
Start importing Assets/Scripts using Guid(d567e77b8945ea5478a8ee3ff916683e) Importer(815301076,1909f56bfc062723c751e8b465ee728b)  -> (artifact id: 'ae5ab0004bc2c1f377322fddf9b3f323') in 0.016599 seconds 
  Import took 0.021499 seconds .

========================================================================
Received Import Request.
  Time since last request: 0.193704 seconds.
  path: Assets/Scripts/CreateEnemy
  artifactKey: Guid(e677065e1acf7944b9209f186b16d5cc) Importer(815301076,1909f56bfc062723c751e8b465ee728b)
Start importing Assets/Scripts/CreateEnemy using Guid(e677065e1acf7944b9209f186b16d5cc) Importer(815301076,1909f56bfc062723c751e8b465ee728b)  -> (artifact id: '77ba1bde79301a72d0009878cae87108') in 0.012010 seconds 
  Import took 0.016716 seconds .

========================================================================
Received Import Request.
  Time since last request: 16.849590 seconds.
  path: Assets/Scripts/Fire.cs
  artifactKey: Guid(033ff8347fdf5434498ee8e08e506916) Importer(815301076,1909f56bfc062723c751e8b465ee728b)
Start importing Assets/Scripts/Fire.cs using Guid(033ff8347fdf5434498ee8e08e506916) Importer(815301076,1909f56bfc062723c751e8b465ee728b)  -> (artifact id: '8519550c6bff4931593003ad4f5d288a') in 0.127471 seconds 
  Import took 0.132087 seconds .

========================================================================
Received Import Request.
  Time since last request: 14.224198 seconds.
  path: Assets/Scripts/Pool
  artifactKey: Guid(bedd690fdc275a7468405378ea7d4931) Importer(815301076,1909f56bfc062723c751e8b465ee728b)
Start importing Assets/Scripts/Pool using Guid(bedd690fdc275a7468405378ea7d4931) Importer(815301076,1909f56bfc062723c751e8b465ee728b)  -> (artifact id: '2fb7f6f10eb2d41ceb7924ea3d1ff849') in 0.015545 seconds 
  Import took 0.021092 seconds .

========================================================================
Received Import Request.
  Time since last request: 1.811010 seconds.
  path: Assets/Scripts/Move
  artifactKey: Guid(4af1b6cb8760e0d4e9a865a23da0c2e1) Importer(815301076,1909f56bfc062723c751e8b465ee728b)
Start importing Assets/Scripts/Move using Guid(4af1b6cb8760e0d4e9a865a23da0c2e1) Importer(815301076,1909f56bfc062723c751e8b465ee728b)  -> (artifact id: '4edd608843600e78e0b6a3ef7d16c2f2') in 0.012200 seconds 
  Import took 0.017138 seconds .

========================================================================
Received Import Request.
  Time since last request: 1.894824 seconds.
  path: Assets/Scripts/interfaces
  artifactKey: Guid(4f64df063fd3ac641bca29471469b0a3) Importer(815301076,1909f56bfc062723c751e8b465ee728b)
Start importing Assets/Scripts/interfaces using Guid(4f64df063fd3ac641bca29471469b0a3) Importer(815301076,1909f56bfc062723c751e8b465ee728b)  -> (artifact id: '20b569aad2c71a56ee76e6c8d029cf1b') in 0.010416 seconds 
  Import took 0.014683 seconds .

========================================================================
Received Import Request.
  Time since last request: 3.464174 seconds.
  path: Assets/Scripts/Enemy.cs
  artifactKey: Guid(cb62d338af351f2418b5a6bcbacddaff) Importer(815301076,1909f56bfc062723c751e8b465ee728b)
Start importing Assets/Scripts/Enemy.cs using Guid(cb62d338af351f2418b5a6bcbacddaff) Importer(815301076,1909f56bfc062723c751e8b465ee728b)  -> (artifact id: 'd97f98004d750f512108187f10a430f0') in 0.010921 seconds 
  Import took 0.015279 seconds .

========================================================================
Received Import Request.
  Time since last request: 2.645650 seconds.
  path: Assets/Scripts/EnemyFactory.cs
  artifactKey: Guid(1390c9a2316977f43a2a98454ddc35e1) Importer(815301076,1909f56bfc062723c751e8b465ee728b)
Start importing Assets/Scripts/EnemyFactory.cs using Guid(1390c9a2316977f43a2a98454ddc35e1) Importer(815301076,1909f56bfc062723c751e8b465ee728b)  -> (artifact id: '56da051a3c2cfa12ce3ae7cfb9f8e433') in 0.009013 seconds 
  Import took 0.013448 seconds .

========================================================================
Received Import Request.
  Time since last request: 5.508555 seconds.
  path: Assets/Scripts/Spawner.cs
  artifactKey: Guid(23075f4a9718c2e48aef64f8a2721c3c) Importer(815301076,1909f56bfc062723c751e8b465ee728b)
Start importing Assets/Scripts/Spawner.cs using Guid(23075f4a9718c2e48aef64f8a2721c3c) Importer(815301076,1909f56bfc062723c751e8b465ee728b)  -> (artifact id: 'c3a59a57d32d4bd1dfbf7b026a6eeed1') in 0.009454 seconds 
  Import took 0.014270 seconds .

========================================================================
Received Import Request.
  Time since last request: 1.626109 seconds.
  path: Assets/Scripts/Spawner2.cs
  artifactKey: Guid(fced22a0529e4a84b93dc64b28dc39bf) Importer(815301076,1909f56bfc062723c751e8b465ee728b)
Start importing Assets/Scripts/Spawner2.cs using Guid(fced22a0529e4a84b93dc64b28dc39bf) Importer(815301076,1909f56bfc062723c751e8b465ee728b)  -> (artifact id: '65878e94ec9ab99e474aab0ec3ed953e') in 0.010060 seconds 
  Import took 0.015590 seconds .

========================================================================
Received Prepare
Registering precompiled user dll's ...
Registered in 0.004462 seconds.
Begin MonoManager ReloadAssembly
Native extension for WindowsStandalone target not found
Refreshing native plugins compatible for Editor in 0.55 ms, found 2 plugins.
Preloading 0 native plugins for Editor in 0.00 ms.
Mono: successfully reloaded assembly
- Completed reload, in  1.861 seconds
Domain Reload Profiling:
	ReloadAssembly (1861ms)
		BeginReloadAssembly (196ms)
			ExecutionOrderSort (0ms)
			DisableScriptedObjects (9ms)
			BackupInstance (0ms)
			ReleaseScriptingObjects (0ms)
			CreateAndSetChildDomain (60ms)
		EndReloadAssembly (1531ms)
			LoadAssemblies (169ms)
			RebuildTransferFunctionScriptingTraits (0ms)
			SetupTypeCache (613ms)
			ReleaseScriptCaches (1ms)
			RebuildScriptCaches (80ms)
			SetupLoadedEditorAssemblies (522ms)
				LogAssemblyErrors (0ms)
				InitializePlatformSupportModulesInManaged (8ms)
				SetLoadedEditorAssemblies (1ms)
				RefreshPlugins (1ms)
				BeforeProcessingInitializeOnLoad (128ms)
				ProcessInitializeOnLoadAttributes (358ms)
				ProcessInitializeOnLoadMethodAttributes (15ms)
				AfterProcessingInitializeOnLoad (12ms)
				EditorAssembliesLoaded (1ms)
			ExecutionOrderSort2 (0ms)
			AwakeInstancesAfterBackupRestoration (15ms)
Platform modules already initialized, skipping
Refreshing native plugins compatible for Editor in 0.71 ms, found 2 plugins.
Preloading 0 native plugins for Editor in 0.00 ms.
Unloading 1516 Unused Serialized files (Serialized files now loaded: 0)
System memory in use before: 67.8 MB.
System memory in use after: 67.9 MB.

Unloading 14 unused Assets to reduce memory usage. Loaded Objects now: 1956.
Total: 5.424200 ms (FindLiveObjects: 0.234500 ms CreateObjectMapping: 0.097200 ms MarkObjects: 5.059800 ms  DeleteObjects: 0.030000 ms)

AssetImportParameters requested are different than current active one (requested -> active):
  custom:framework-win-MediaFoundation: 216162199b28c13a410421893ffa2e32 -> 
  custom:video-decoder-ogg-theora: a1e56fd34408186e4bbccfd4996cb3dc -> 
  custom:container-muxer-webm: aa71ff27fc2769a1b78a27578f13a17b -> 
  custom:container-demuxer-webm: 4f35f7cbe854078d1ac9338744f61a02 -> 
  custom:container-demuxer-ogg: 62fdf1f143b41e24485cea50d1cbac27 -> 
  custom:video-encoder-webm-vp8: eb34c28f22e8b96e1ab97ce403110664 -> 
  custom:video-decoder-webm-vp8: 9c59270c3fd7afecdb556c50c9e8de78 -> 
  custom:audio-decoder-ogg-vorbis: bf7c407c2cedff20999df2af8eb42d56 -> 
  custom:audio-encoder-webm-vorbis: bf7c407c2cedff20999df2af8eb42d56 -> 
========================================================================
Received Import Request.
  Time since last request: 12.692774 seconds.
  path: Assets/Scripts/Floor.cs
  artifactKey: Guid(54e17a20ef730e3419c15611064a7b7d) Importer(815301076,1909f56bfc062723c751e8b465ee728b)
Start importing Assets/Scripts/Floor.cs using Guid(54e17a20ef730e3419c15611064a7b7d) Importer(815301076,1909f56bfc062723c751e8b465ee728b)  -> (artifact id: '88861a0dfd6d089e09d57481751f2c33') in 0.012319 seconds 
  Import took 0.016936 seconds .

========================================================================
Received Import Request.
  Time since last request: 4.145392 seconds.
  path: Assets/Scripts/Player.cs
  artifactKey: Guid(2982a5a80af4b944fadf2a94419af5eb) Importer(815301076,1909f56bfc062723c751e8b465ee728b)
Start importing Assets/Scripts/Player.cs using Guid(2982a5a80af4b944fadf2a94419af5eb) Importer(815301076,1909f56bfc062723c751e8b465ee728b)  -> (artifact id: '1e4a8ef9f0d101e211c91146dbfdc532') in 0.009456 seconds 
  Import took 0.014110 seconds .

AssetImportWorkerClient::OnTransportError - code=2 error=End of file
